# JRE version: OpenJDK Runtime Environment (8.0_152-b06) (build 1.8.0_152-release-1136-b06)
# Java VM: OpenJDK 64-Bit Server VM (25.152-b06 mixed mode windows-amd64 compressed oops)
Heap:
 PSYoungGen      total 109568K, used 70603K [0x00000000e0000000, 0x00000000e8300000, 0x0000000100000000)
  eden space 100864K, 61% used [0x00000000e0000000,0x00000000e3cbd440,0x00000000e6280000)
  from space 8704K, 96% used [0x00000000e7a80000,0x00000000e82b5a60,0x00000000e8300000)
  to   space 11264K, 0% used [0x00000000e6d00000,0x00000000e6d00000,0x00000000e7800000)
 ParOldGen       total 95232K, used 15770K [0x00000000a0000000, 0x00000000a5d00000, 0x00000000e0000000)
  object space 95232K, 16% used [0x00000000a0000000,0x00000000a0f668d0,0x00000000a5d00000)
 Metaspace       used 44194K, capacity 45214K, committed 45568K, reserved 1089536K
  class space    used 6029K, capacity 6336K, committed 6400K, reserved 1048576K
GC Heap History (10 events):
Event: 7.799 GC heap before
{Heap before GC invocations=8 (full 1):
 PSYoungGen      total 56320K, used 56173K [0x00000000e0000000, 0x00000000e4e00000, 0x0000000100000000)
  eden space 52224K, 100% used [0x00000000e0000000,0x00000000e3300000,0x00000000e3300000)
  from space 4096K, 96% used [0x00000000e4a00000,0x00000000e4ddb578,0x00000000e4e00000)
  to   space 10240K, 0% used [0x00000000e3a00000,0x00000000e3a00000,0x00000000e4400000)
 ParOldGen       total 59392K, used 8597K [0x00000000a0000000, 0x00000000a3a00000, 0x00000000e0000000)
  object space 59392K, 14% used [0x00000000a0000000,0x00000000a08654b8,0x00000000a3a00000)
 Metaspace       used 27517K, capacity 28136K, committed 28416K, reserved 1073152K
  class space    used 3821K, capacity 3995K, committed 4096K, reserved 1048576K
Event: 7.812 GC heap after
Heap after GC invocations=8 (full 1):
 PSYoungGen      total 69632K, used 6589K [0x00000000e0000000, 0x00000000e6500000, 0x0000000100000000)
  eden space 59392K, 0% used [0x00000000e0000000,0x00000000e0000000,0x00000000e3a00000)
  from space 10240K, 64% used [0x00000000e3a00000,0x00000000e406f588,0x00000000e4400000)
  to   space 9728K, 0% used [0x00000000e5b80000,0x00000000e5b80000,0x00000000e6500000)
 ParOldGen       total 59392K, used 8605K [0x00000000a0000000, 0x00000000a3a00000, 0x00000000e0000000)
  object space 59392K, 14% used [0x00000000a0000000,0x00000000a08674b8,0x00000000a3a00000)
 Metaspace       used 27517K, capacity 28136K, committed 28416K, reserved 1073152K
  class space    used 3821K, capacity 3995K, committed 4096K, reserved 1048576K
}
Event: 9.197 GC heap before
{Heap before GC invocations=9 (full 1):
 PSYoungGen      total 69632K, used 65981K [0x00000000e0000000, 0x00000000e6500000, 0x0000000100000000)
  eden space 59392K, 100% used [0x00000000e0000000,0x00000000e3a00000,0x00000000e3a00000)
  from space 10240K, 64% used [0x00000000e3a00000,0x00000000e406f588,0x00000000e4400000)
  to   space 9728K, 0% used [0x00000000e5b80000,0x00000000e5b80000,0x00000000e6500000)
 ParOldGen       total 59392K, used 8605K [0x00000000a0000000, 0x00000000a3a00000, 0x00000000e0000000)
  object space 59392K, 14% used [0x00000000a0000000,0x00000000a08674b8,0x00000000a3a00000)
 Metaspace       used 30886K, capacity 31668K, committed 31744K, reserved 1077248K
  class space    used 4331K, capacity 4597K, committed 4608K, reserved 1048576K
Event: 9.211 GC heap after
Heap after GC invocations=9 (full 1):
 PSYoungGen      total 92160K, used 9664K [0x00000000e0000000, 0x00000000e7300000, 0x0000000100000000)
  eden space 82432K, 0% used [0x00000000e0000000,0x00000000e0000000,0x00000000e5080000)
  from space 9728K, 99% used [0x00000000e5b80000,0x00000000e64f03d8,0x00000000e6500000)
  to   space 11264K, 0% used [0x00000000e5080000,0x00000000e5080000,0x00000000e5b80000)
 ParOldGen       total 59392K, used 8613K [0x00000000a0000000, 0x00000000a3a00000, 0x00000000e0000000)
  object space 59392K, 14% used [0x00000000a0000000,0x00000000a08694b8,0x00000000a3a00000)
 Metaspace       used 30886K, capacity 31668K, committed 31744K, reserved 1077248K
  class space    used 4331K, capacity 4597K, committed 4608K, reserved 1048576K
}
Event: 9.655 GC heap before
{Heap before GC invocations=10 (full 1):
 PSYoungGen      total 92160K, used 26389K [0x00000000e0000000, 0x00000000e7300000, 0x0000000100000000)
  eden space 82432K, 20% used [0x00000000e0000000,0x00000000e10553e0,0x00000000e5080000)
  from space 9728K, 99% used [0x00000000e5b80000,0x00000000e64f03d8,0x00000000e6500000)
  to   space 11264K, 0% used [0x00000000e5080000,0x00000000e5080000,0x00000000e5b80000)
 ParOldGen       total 59392K, used 8613K [0x00000000a0000000, 0x00000000a3a00000, 0x00000000e0000000)
  object space 59392K, 14% used [0x00000000a0000000,0x00000000a08694b8,0x00000000a3a00000)
 Metaspace       used 34522K, capacity 35270K, committed 35416K, reserved 1079296K
  class space    used 4793K, capacity 5053K, committed 5120K, reserved 1048576K
Event: 9.663 GC heap after
Heap after GC invocations=10 (full 1):
 PSYoungGen      total 93696K, used 7480K [0x00000000e0000000, 0x00000000e8500000, 0x0000000100000000)
  eden space 82432K, 0% used [0x00000000e0000000,0x00000000e0000000,0x00000000e5080000)
  from space 11264K, 66% used [0x00000000e5080000,0x00000000e57ce190,0x00000000e5b80000)
  to   space 10752K, 0% used [0x00000000e7a80000,0x00000000e7a80000,0x00000000e8500000)
 ParOldGen       total 59392K, used 10361K [0x00000000a0000000, 0x00000000a3a00000, 0x00000000e0000000)
  object space 59392K, 17% used [0x00000000a0000000,0x00000000a0a1e548,0x00000000a3a00000)
 Metaspace       used 34522K, capacity 35270K, committed 35416K, reserved 1079296K
  class space    used 4793K, capacity 5053K, committed 5120K, reserved 1048576K
}
Event: 9.664 GC heap before
{Heap before GC invocations=11 (full 2):
 PSYoungGen      total 93696K, used 7480K [0x00000000e0000000, 0x00000000e8500000, 0x0000000100000000)
  eden space 82432K, 0% used [0x00000000e0000000,0x00000000e0000000,0x00000000e5080000)
  from space 11264K, 66% used [0x00000000e5080000,0x00000000e57ce190,0x00000000e5b80000)
  to   space 10752K, 0% used [0x00000000e7a80000,0x00000000e7a80000,0x00000000e8500000)
 ParOldGen       total 59392K, used 10361K [0x00000000a0000000, 0x00000000a3a00000, 0x00000000e0000000)
  object space 59392K, 17% used [0x00000000a0000000,0x00000000a0a1e548,0x00000000a3a00000)
 Metaspace       used 34522K, capacity 35270K, committed 35416K, reserved 1079296K
  class space    used 4793K, capacity 5053K, committed 5120K, reserved 1048576K
Event: 9.783 GC heap after
Heap after GC invocations=11 (full 2):
 PSYoungGen      total 93696K, used 0K [0x00000000e0000000, 0x00000000e8500000, 0x0000000100000000)
  eden space 82432K, 0% used [0x00000000e0000000,0x00000000e0000000,0x00000000e5080000)
  from space 11264K, 0% used [0x00000000e5080000,0x00000000e5080000,0x00000000e5b80000)
  to   space 10752K, 0% used [0x00000000e7a80000,0x00000000e7a80000,0x00000000e8500000)
 ParOldGen       total 95232K, used 15762K [0x00000000a0000000, 0x00000000a5d00000, 0x00000000e0000000)
  object space 95232K, 16% used [0x00000000a0000000,0x00000000a0f648d0,0x00000000a5d00000)
 Metaspace       used 34522K, capacity 35270K, committed 35416K, reserved 1079296K
  class space    used 4793K, capacity 5053K, committed 5120K, reserved 1048576K
}
Event: 10.895 GC heap before
{Heap before GC invocations=12 (full 2):
 PSYoungGen      total 93696K, used 82432K [0x00000000e0000000, 0x00000000e8500000, 0x0000000100000000)
  eden space 82432K, 100% used [0x00000000e0000000,0x00000000e5080000,0x00000000e5080000)
  from space 11264K, 0% used [0x00000000e5080000,0x00000000e5080000,0x00000000e5b80000)
  to   space 10752K, 0% used [0x00000000e7a80000,0x00000000e7a80000,0x00000000e8500000)
 ParOldGen       total 95232K, used 15762K [0x00000000a0000000, 0x00000000a5d00000, 0x00000000e0000000)
  object space 95232K, 16% used [0x00000000a0000000,0x00000000a0f648d0,0x00000000a5d00000)
 Metaspace       used 39537K, capacity 40480K, committed 40832K, reserved 1085440K
  class space    used 5395K, capacity 5694K, committed 5760K, reserved 1048576K
Event: 10.906 GC heap after
Heap after GC invocations=12 (full 2):
 PSYoungGen      total 109568K, used 8406K [0x00000000e0000000, 0x00000000e8300000, 0x0000000100000000)
  eden space 100864K, 0% used [0x00000000e0000000,0x00000000e0000000,0x00000000e6280000)
  from space 8704K, 96% used [0x00000000e7a80000,0x00000000e82b5a60,0x00000000e8300000)
  to   space 11264K, 0% used [0x00000000e6d00000,0x00000000e6d00000,0x00000000e7800000)
 ParOldGen       total 95232K, used 15770K [0x00000000a0000000, 0x00000000a5d00000, 0x00000000e0000000)
  object space 95232K, 16% used [0x00000000a0000000,0x00000000a0f668d0,0x00000000a5d00000)
 Metaspace       used 39537K, capacity 40480K, committed 40832K, reserved 1085440K
  class space    used 5395K, capacity 5694K, committed 5760K, reserved 1048576K
}

