# JRE version: OpenJDK Runtime Environment (8.0_152-b06) (build 1.8.0_152-release-1136-b06)
# Java VM: OpenJDK 64-Bit Server VM (25.152-b06 mixed mode windows-amd64 compressed oops)
Heap:
 PSYoungGen      total 137728K, used 55260K [0x00000000e0000000, 0x00000000eae80000, 0x0000000100000000)
  eden space 122880K, 44% used [0x00000000e0000000,0x00000000e35f7340,0x00000000e7800000)
  from space 14848K, 0% used [0x00000000e8b00000,0x00000000e8b00000,0x00000000e9980000)
  to   space 19456K, 0% used [0x00000000e7800000,0x00000000e7800000,0x00000000e8b00000)
 ParOldGen       total 146944K, used 35994K [0x00000000a0000000, 0x00000000a8f80000, 0x00000000e0000000)
  object space 146944K, 24% used [0x00000000a0000000,0x00000000a2326898,0x00000000a8f80000)
 Metaspace       used 61219K, capacity 63170K, committed 63232K, reserved 1103872K
  class space    used 8181K, capacity 8690K, committed 8704K, reserved 1048576K
GC Heap History (10 events):
Event: 7.459 GC heap before
{Heap before GC invocations=11 (full 2):
 PSYoungGen      total 95232K, used 7407K [0x00000000e0000000, 0x00000000e8780000, 0x0000000100000000)
  eden space 83968K, 0% used [0x00000000e0000000,0x00000000e0000000,0x00000000e5200000)
  from space 11264K, 65% used [0x00000000e5200000,0x00000000e593bfd8,0x00000000e5d00000)
  to   space 10752K, 0% used [0x00000000e7d00000,0x00000000e7d00000,0x00000000e8780000)
 ParOldGen       total 58368K, used 10366K [0x00000000a0000000, 0x00000000a3900000, 0x00000000e0000000)
  object space 58368K, 17% used [0x00000000a0000000,0x00000000a0a1f888,0x00000000a3900000)
 Metaspace       used 34518K, capacity 35270K, committed 35416K, reserved 1079296K
  class space    used 4793K, capacity 5053K, committed 5120K, reserved 1048576K
Event: 7.520 GC heap after
Heap after GC invocations=11 (full 2):
 PSYoungGen      total 95232K, used 0K [0x00000000e0000000, 0x00000000e8780000, 0x0000000100000000)
  eden space 83968K, 0% used [0x00000000e0000000,0x00000000e0000000,0x00000000e5200000)
  from space 11264K, 0% used [0x00000000e5200000,0x00000000e5200000,0x00000000e5d00000)
  to   space 10752K, 0% used [0x00000000e7d00000,0x00000000e7d00000,0x00000000e8780000)
 ParOldGen       total 92160K, used 15793K [0x00000000a0000000, 0x00000000a5a00000, 0x00000000e0000000)
  object space 92160K, 17% used [0x00000000a0000000,0x00000000a0f6c458,0x00000000a5a00000)
 Metaspace       used 34518K, capacity 35270K, committed 35416K, reserved 1079296K
  class space    used 4793K, capacity 5053K, committed 5120K, reserved 1048576K
}
Event: 8.230 GC heap before
{Heap before GC invocations=12 (full 2):
 PSYoungGen      total 95232K, used 83968K [0x00000000e0000000, 0x00000000e8780000, 0x0000000100000000)
  eden space 83968K, 100% used [0x00000000e0000000,0x00000000e5200000,0x00000000e5200000)
  from space 11264K, 0% used [0x00000000e5200000,0x00000000e5200000,0x00000000e5d00000)
  to   space 10752K, 0% used [0x00000000e7d00000,0x00000000e7d00000,0x00000000e8780000)
 ParOldGen       total 92160K, used 15793K [0x00000000a0000000, 0x00000000a5a00000, 0x00000000e0000000)
  object space 92160K, 17% used [0x00000000a0000000,0x00000000a0f6c458,0x00000000a5a00000)
 Metaspace       used 39813K, capacity 40768K, committed 41088K, reserved 1085440K
  class space    used 5424K, capacity 5726K, committed 5760K, reserved 1048576K
Event: 8.236 GC heap after
Heap after GC invocations=12 (full 2):
 PSYoungGen      total 113152K, used 8876K [0x00000000e0000000, 0x00000000e8600000, 0x0000000100000000)
  eden space 103936K, 0% used [0x00000000e0000000,0x00000000e0000000,0x00000000e6580000)
  from space 9216K, 96% used [0x00000000e7d00000,0x00000000e85ab0d0,0x00000000e8600000)
  to   space 11264K, 0% used [0x00000000e7000000,0x00000000e7000000,0x00000000e7b00000)
 ParOldGen       total 92160K, used 15801K [0x00000000a0000000, 0x00000000a5a00000, 0x00000000e0000000)
  object space 92160K, 17% used [0x00000000a0000000,0x00000000a0f6e458,0x00000000a5a00000)
 Metaspace       used 39813K, capacity 40768K, committed 41088K, reserved 1085440K
  class space    used 5424K, capacity 5726K, committed 5760K, reserved 1048576K
}
Event: 9.663 GC heap before
{Heap before GC invocations=13 (full 2):
 PSYoungGen      total 113152K, used 112812K [0x00000000e0000000, 0x00000000e8600000, 0x0000000100000000)
  eden space 103936K, 100% used [0x00000000e0000000,0x00000000e6580000,0x00000000e6580000)
  from space 9216K, 96% used [0x00000000e7d00000,0x00000000e85ab0d0,0x00000000e8600000)
  to   space 11264K, 0% used [0x00000000e7000000,0x00000000e7000000,0x00000000e7b00000)
 ParOldGen       total 92160K, used 15801K [0x00000000a0000000, 0x00000000a5a00000, 0x00000000e0000000)
  object space 92160K, 17% used [0x00000000a0000000,0x00000000a0f6e458,0x00000000a5a00000)
 Metaspace       used 49729K, capacity 51032K, committed 51200K, reserved 1093632K
  class space    used 6673K, capacity 7047K, committed 7168K, reserved 1048576K
Event: 9.675 GC heap after
Heap after GC invocations=13 (full 2):
 PSYoungGen      total 125952K, used 11248K [0x00000000e0000000, 0x00000000e9980000, 0x0000000100000000)
  eden space 114688K, 0% used [0x00000000e0000000,0x00000000e0000000,0x00000000e7000000)
  from space 11264K, 99% used [0x00000000e7000000,0x00000000e7afc0f0,0x00000000e7b00000)
  to   space 14848K, 0% used [0x00000000e8b00000,0x00000000e8b00000,0x00000000e9980000)
 ParOldGen       total 92160K, used 21858K [0x00000000a0000000, 0x00000000a5a00000, 0x00000000e0000000)
  object space 92160K, 23% used [0x00000000a0000000,0x00000000a1558ad8,0x00000000a5a00000)
 Metaspace       used 49729K, capacity 51032K, committed 51200K, reserved 1093632K
  class space    used 6673K, capacity 7047K, committed 7168K, reserved 1048576K
}
Event: 11.798 GC heap before
{Heap before GC invocations=14 (full 2):
 PSYoungGen      total 125952K, used 111657K [0x00000000e0000000, 0x00000000e9980000, 0x0000000100000000)
  eden space 114688K, 87% used [0x00000000e0000000,0x00000000e620e5b8,0x00000000e7000000)
  from space 11264K, 99% used [0x00000000e7000000,0x00000000e7afc0f0,0x00000000e7b00000)
  to   space 14848K, 0% used [0x00000000e8b00000,0x00000000e8b00000,0x00000000e9980000)
 ParOldGen       total 92160K, used 21858K [0x00000000a0000000, 0x00000000a5a00000, 0x00000000e0000000)
  object space 92160K, 23% used [0x00000000a0000000,0x00000000a1558ad8,0x00000000a5a00000)
 Metaspace       used 57058K, capacity 58892K, committed 59008K, reserved 1099776K
  class space    used 7817K, capacity 8291K, committed 8320K, reserved 1048576K
Event: 11.815 GC heap after
Heap after GC invocations=14 (full 2):
 PSYoungGen      total 137728K, used 14847K [0x00000000e0000000, 0x00000000eae80000, 0x0000000100000000)
  eden space 122880K, 0% used [0x00000000e0000000,0x00000000e0000000,0x00000000e7800000)
  from space 14848K, 99% used [0x00000000e8b00000,0x00000000e997fd80,0x00000000e9980000)
  to   space 19456K, 0% used [0x00000000e7800000,0x00000000e7800000,0x00000000e8b00000)
 ParOldGen       total 92160K, used 29767K [0x00000000a0000000, 0x00000000a5a00000, 0x00000000e0000000)
  object space 92160K, 32% used [0x00000000a0000000,0x00000000a1d11ca0,0x00000000a5a00000)
 Metaspace       used 57058K, capacity 58892K, committed 59008K, reserved 1099776K
  class space    used 7817K, capacity 8291K, committed 8320K, reserved 1048576K
}
Event: 11.815 GC heap before
{Heap before GC invocations=15 (full 3):
 PSYoungGen      total 137728K, used 14847K [0x00000000e0000000, 0x00000000eae80000, 0x0000000100000000)
  eden space 122880K, 0% used [0x00000000e0000000,0x00000000e0000000,0x00000000e7800000)
  from space 14848K, 99% used [0x00000000e8b00000,0x00000000e997fd80,0x00000000e9980000)
  to   space 19456K, 0% used [0x00000000e7800000,0x00000000e7800000,0x00000000e8b00000)
 ParOldGen       total 92160K, used 29767K [0x00000000a0000000, 0x00000000a5a00000, 0x00000000e0000000)
  object space 92160K, 32% used [0x00000000a0000000,0x00000000a1d11ca0,0x00000000a5a00000)
 Metaspace       used 57058K, capacity 58892K, committed 59008K, reserved 1099776K
  class space    used 7817K, capacity 8291K, committed 8320K, reserved 1048576K
Event: 12.012 GC heap after
Heap after GC invocations=15 (full 3):
 PSYoungGen      total 137728K, used 0K [0x00000000e0000000, 0x00000000eae80000, 0x0000000100000000)
  eden space 122880K, 0% used [0x00000000e0000000,0x00000000e0000000,0x00000000e7800000)
  from space 14848K, 0% used [0x00000000e8b00000,0x00000000e8b00000,0x00000000e9980000)
  to   space 19456K, 0% used [0x00000000e7800000,0x00000000e7800000,0x00000000e8b00000)
 ParOldGen       total 146944K, used 35994K [0x00000000a0000000, 0x00000000a8f80000, 0x00000000e0000000)
  object space 146944K, 24% used [0x00000000a0000000,0x00000000a2326898,0x00000000a8f80000)
 Metaspace       used 57058K, capacity 58892K, committed 59008K, reserved 1099776K
  class space    used 7817K, capacity 8291K, committed 8320K, reserved 1048576K
}

